Arguments: 
  C:\nodejs\node.exe C:\Users\gerve\AppData\Roaming\npm\node_modules\yarn\bin\yarn.js init

PATH: 
  C:\Python39\Scripts\;C:\Python39\;C:\Program Files (x86)\Common Files\Oracle\Java\javapath;C:\Windows\system32;C:\Windows;C:\Windows\System32\Wbem;C:\Windows\System32\WindowsPowerShell\v1.0\;C:\Windows\System32\OpenSSH\;C:\Program Files (x86)\NVIDIA Corporation\PhysX\Common;C:\WINDOWS\system32;C:\WINDOWS;C:\WINDOWS\System32\Wbem;C:\WINDOWS\System32\WindowsPowerShell\v1.0\;C:\WINDOWS\System32\OpenSSH\;C:\Program Files\Git\cmd;C:\ProgramData\ComposerSetup\bin;C:\Program Files\Intel\WiFi\bin\;C:\Program Files\Common Files\Intel\WirelessCommon\;C:\Program Files\NVIDIA Corporation\NVIDIA NvDLISR;C:\Program Files\Symfony;C:\WINDOWS\system32;C:\WINDOWS;C:\WINDOWS\System32\Wbem;C:\WINDOWS\System32\WindowsPowerShell\v1.0\;C:\WINDOWS\System32\OpenSSH\;C:\xampp\php;C:\Program Files\Microsoft SQL Server\Client SDK\ODBC\170\Tools\Binn\;C:\Program Files (x86)\Microsoft SQL Server\150\Tools\Binn\;C:\Program Files\Microsoft SQL Server\150\Tools\Binn\;C:\Program Files\Microsoft SQL Server\150\DTS\Binn\;C:\Program Files (x86)\Microsoft SQL Server\150\DTS\Binn\;C:\Program Files\Azure Data Studio\bin;C:\nodejs\;C:\ProgramData\chocolatey\bin;C:\Program Files\TortoiseGit\bin;C:\openssl\bin;C:\Users\gerve\AppData\Local\Programs\Microsoft VS Code\bin;C:\Users\gerve\AppData\Roaming\Composer\vendor\bin;C:\Users\gerve\AppData\Local\Microsoft\WindowsApps;;C:\Program Files\Azure Data Studio\bin;C:\Users\gerve\AppData\Roaming\npm

Yarn version: 
  1.22.17

Node version: 
  14.16.1

Platform: 
  win32 x64

Trace: 
  Error: canceled
      at Interface.<anonymous> (C:\Users\gerve\AppData\Roaming\npm\node_modules\yarn\lib\cli.js:137143:13)
      at Interface.emit (events.js:315:20)
      at Interface._ttyWrite (readline.js:875:16)
      at ReadStream.onkeypress (readline.js:213:10)
      at ReadStream.emit (events.js:315:20)
      at emitKeys (internal/readline/utils.js:345:14)
      at emitKeys.next (<anonymous>)
      at ReadStream.onData (readline.js:1144:36)
      at ReadStream.emit (events.js:315:20)
      at addChunk (internal/streams/readable.js:309:12)

npm manifest: 
  {
    "name": "MarSur",
    "version": "0.1",
    "description": "API para pesquera",
    "main": "server.js",
    "repository": "https://github.com/invaderuc/MarSur.git",
    "author": "invaderuc",
    "license": "MIT",
    "scripts": {
      "develop": "nodemon server.js", 
      "start": "node server.js"  
    },
    "keywords": [],
    "dependencies": {
      "body-parser": "1.19.0",
      "cloudinary": "1.23.0",
      "cors": "2.8.5",
      "dotenv": "8.2.0",
      "express": "4.17.1",
      "express-validator": "^6.14.0",
      "firebase-admin": "9.1.1",
      "mongoose": "5.10.2",
      "redis": "3.1.2",
      "slugify": "1.4.5",
      "swagger-jsdoc": "6.0.2",
      "swagger-ui-express": "4.1.6"
    },
    "devDependencies": {
      "morgan": "1.10.0",
      "nodemon": "2.0.12"
    }
  }

yarn manifest: 
  No manifest

Lockfile: 
  No lockfile
